<?xml version="1.0" encoding="UTF-8"?>
<!-- Generated by org.testng.reporters.JUnitXMLReporter -->
<testsuite ignored="2" hostname="DESKTOP-6ST94J7" failures="1" tests="2" name="SmokeTest" time="9.797" errors="0" timestamp="2021-06-13T23:06:41 EDT">
  <testcase classname="com.facebook.LinksTests.AboutLinkTest" name="aboutLinkTest" time="4.617"/>
  <testcase classname="com.facebook.LinksTests.JobsLinkTest" name="jobLinkTest" time="0.004">
    <failure type="java.lang.NullPointerException">
      <![CDATA[java.lang.NullPointerException
at org.openqa.selenium.support.pagefactory.DefaultElementLocator.findElement(DefaultElementLocator.java:70)
at org.openqa.selenium.support.pagefactory.internal.LocatingElementHandler.invoke(LocatingElementHandler.java:39)
at com.sun.proxy.$Proxy13.click(Unknown Source)
at com.facebook.LinksPages.JobsLinkPage.clickJobLink(JobsLinkPage.java:24)
at com.facebook.LinksTests.JobsLinkTest.jobLinkTest(JobsLinkTest.java:15)
... Removed 27 stack frames]]>
    </failure>
  </testcase> <!-- jobLinkTest -->
  <testcase classname="com.facebook.BaseTest.BaseTest" name="@BeforeTest openApp" time="0.0">
    <ignored/>
  </testcase> <!-- @BeforeTest openApp -->
  <testcase classname="com.facebook.BaseTest.BaseTest" name="@AfterTest tearDwon" time="0.0">
    <ignored/>
  </testcase> <!-- @AfterTest tearDwon -->
</testsuite> <!-- SmokeTest -->
