<?xml version="1.0" encoding="UTF-8"?>
<testng-results ignored="2" total="4" passed="1" failed="1" skipped="0">
  <reporter-output>
  </reporter-output>
  <suite started-at="2021-06-14T00:10:35 EDT" name="Page Object Model" finished-at="2021-06-14T00:10:44 EDT" duration-ms="8785">
    <groups>
    </groups>
    <test started-at="2021-06-14T00:10:35 EDT" name="SmokeTest1" finished-at="2021-06-14T00:10:44 EDT" duration-ms="8785">
      <class name="com.facebook.LinksTests.AboutLinkTest">
        <test-method signature="aboutLinkTest()[pri:0, instance:com.facebook.LinksTests.AboutLinkTest@5456afaa]" started-at="2021-06-14T00:10:44 EDT" name="aboutLinkTest" finished-at="2021-06-14T00:10:44 EDT" duration-ms="3" status="FAIL">
          <exception class="java.lang.NullPointerException">
            <full-stacktrace>
              <![CDATA[java.lang.NullPointerException
at org.openqa.selenium.support.pagefactory.DefaultElementLocator.findElement(DefaultElementLocator.java:70)
at org.openqa.selenium.support.pagefactory.internal.LocatingElementHandler.invoke(LocatingElementHandler.java:39)
at com.sun.proxy.$Proxy13.click(Unknown Source)
at com.facebook.LinksPages.AboutLinkPage.clickAboutLink(AboutLinkPage.java:20)
at com.facebook.LinksTests.AboutLinkTest.aboutLinkTest(AboutLinkTest.java:17)
at java.base/jdk.internal.reflect.NativeMethodAccessorImpl.invoke0(Native Method)
at java.base/jdk.internal.reflect.NativeMethodAccessorImpl.invoke(NativeMethodAccessorImpl.java:62)
at java.base/jdk.internal.reflect.DelegatingMethodAccessorImpl.invoke(DelegatingMethodAccessorImpl.java:43)
at java.base/java.lang.reflect.Method.invoke(Method.java:566)
at org.testng.internal.MethodInvocationHelper.invokeMethod(MethodInvocationHelper.java:131)
at org.testng.internal.TestInvoker.invokeMethod(TestInvoker.java:570)
at org.testng.internal.TestInvoker.invokeTestMethod(TestInvoker.java:170)
at org.testng.internal.MethodRunner.runInSequence(MethodRunner.java:46)
at org.testng.internal.TestInvoker$MethodInvocationAgent.invoke(TestInvoker.java:790)
at org.testng.internal.TestInvoker.invokeTestMethods(TestInvoker.java:143)
at org.testng.internal.TestMethodWorker.invokeTestMethods(TestMethodWorker.java:146)
at org.testng.internal.TestMethodWorker.run(TestMethodWorker.java:128)
at org.testng.TestRunner.privateRun(TestRunner.java:763)
at org.testng.TestRunner.run(TestRunner.java:594)
at org.testng.SuiteRunner.runTest(SuiteRunner.java:398)
at org.testng.SuiteRunner.runSequentially(SuiteRunner.java:392)
at org.testng.SuiteRunner.privateRun(SuiteRunner.java:355)
at org.testng.SuiteRunner.run(SuiteRunner.java:304)
at org.testng.SuiteRunnerWorker.runSuite(SuiteRunnerWorker.java:53)
at org.testng.SuiteRunnerWorker.run(SuiteRunnerWorker.java:96)
at org.testng.TestNG.runSuitesSequentially(TestNG.java:1146)
at org.testng.TestNG.runSuitesLocally(TestNG.java:1067)
at org.testng.TestNG.runSuites(TestNG.java:997)
at org.testng.TestNG.run(TestNG.java:965)
at org.testng.remote.AbstractRemoteTestNG.run(AbstractRemoteTestNG.java:115)
at org.testng.remote.RemoteTestNG.initAndRun(RemoteTestNG.java:251)
at org.testng.remote.RemoteTestNG.main(RemoteTestNG.java:77)
]]>
            </full-stacktrace>
          </exception> <!-- java.lang.NullPointerException -->
          <reporter-output>
          </reporter-output>
        </test-method> <!-- aboutLinkTest -->
      </class> <!-- com.facebook.LinksTests.AboutLinkTest -->
      <class name="com.facebook.LinksTests.JobsLinkTest">
        <test-method is-config="true" signature="openApp(java.lang.String)[pri:0, instance:com.facebook.LinksTests.JobsLinkTest@bb9e6dc]" started-at="2021-06-14T00:10:35 EDT" name="openApp" finished-at="2021-06-14T00:10:43 EDT" duration-ms="7626" status="PASS">
          <params>
            <param index="0">
              <value>
                <![CDATA[chorme]]>
              </value>
            </param>
          </params>
          <reporter-output>
          </reporter-output>
        </test-method> <!-- openApp -->
        <test-method signature="jobLinkTest()[pri:0, instance:com.facebook.LinksTests.JobsLinkTest@bb9e6dc]" started-at="2021-06-14T00:10:43 EDT" name="jobLinkTest" finished-at="2021-06-14T00:10:44 EDT" duration-ms="1092" status="PASS">
          <reporter-output>
          </reporter-output>
        </test-method> <!-- jobLinkTest -->
      </class> <!-- com.facebook.LinksTests.JobsLinkTest -->
    </test> <!-- SmokeTest1 -->
  </suite> <!-- Page Object Model -->
</testng-results>
