<?xml version="1.0" encoding="UTF-8"?>
<testng-results ignored="0" total="1" passed="1" failed="0" skipped="0">
  <reporter-output>
  </reporter-output>
  <suite started-at="2021-06-11T20:57:55 EDT" name="Suite" finished-at="2021-06-11T20:58:31 EDT" duration-ms="36331">
    <groups>
    </groups>
    <test started-at="2021-06-11T20:57:55 EDT" name="SmokeTest" finished-at="2021-06-11T20:58:31 EDT" duration-ms="36331">
      <class name="com.facebook.LoginTests.AccountLoginTest">
        <test-method is-config="true" signature="openApp(java.lang.String)[pri:0, instance:com.facebook.LoginTests.AccountLoginTest@651aed93]" started-at="2021-06-11T20:57:55 EDT" name="openApp" finished-at="2021-06-11T20:58:25 EDT" duration-ms="29473" status="PASS">
          <params>
            <param index="0">
              <value>
                <![CDATA[Firefox]]>
              </value>
            </param>
          </params>
          <reporter-output>
          </reporter-output>
        </test-method> <!-- openApp -->
        <test-method signature="accountLogin()[pri:0, instance:com.facebook.LoginTests.AccountLoginTest@651aed93]" started-at="2021-06-11T20:58:25 EDT" name="accountLogin" finished-at="2021-06-11T20:58:31 EDT" duration-ms="6809" status="PASS">
          <reporter-output>
          </reporter-output>
        </test-method> <!-- accountLogin -->
      </class> <!-- com.facebook.LoginTests.AccountLoginTest -->
    </test> <!-- SmokeTest -->
  </suite> <!-- Suite -->
</testng-results>
